[2021-10-21 13:20]：
CPU使用率：    9.68
处理器名字：cpu	用户态的运行时间： 1679535	高优先级运行时间：    8794	内核态运行时间： 1424573	IO等待时间：244186389	除IO等待的空闲时间：  145082	硬中断时间：       0	软中断时间：   17753
总内存： 1833.00	空闲内存：  117.00	内存使用率：    0.94	交换内存：    0.00	交换空闲内存：    0.00	交换空闲内存使用率：    1.00	系统运行时间：41365
每秒读IO次数：    0.07	每秒写IO次数：   19.30	每秒读KB数：    3.30	每秒写KB数：    3.74
[2021-10-21 13:20]：
CPU使用率：    5.10
处理器名字：cpu	用户态的运行时间： 1679554	高优先级运行时间：    8794	内核态运行时间： 1424604	IO等待时间：244187338	除IO等待的空闲时间：  145083	硬中断时间：       0	软中断时间：   17753
总内存： 1833.00	空闲内存：  117.00	内存使用率：    0.94	交换内存：    0.00	交换空闲内存：    0.00	交换空闲内存使用率：    1.00	系统运行时间：41365
每秒读IO次数：    0.07	每秒写IO次数：   19.30	每秒读KB数：    3.30	每秒写KB数：    5.61
[2021-10-21 13:20]：
CPU使用率：    4.12
处理器名字：cpu	用户态的运行时间： 1679568	高优先级运行时间：    8794	内核态运行时间： 1424630	IO等待时间：244188293	除IO等待的空闲时间：  145084	硬中断时间：       0	软中断时间：   17753
总内存： 1833.00	空闲内存：  118.00	内存使用率：    0.94	交换内存：    0.00	交换空闲内存：    0.00	交换空闲内存使用率：    1.00	系统运行时间：41365
每秒读IO次数：    0.07	每秒写IO次数：   19.30	每秒读KB数：    3.30	每秒写KB数：    7.48
[2021-10-21 13:21]：
CPU使用率：    4.53
处理器名字：cpu	用户态的运行时间： 1679584	高优先级运行时间：    8794	内核态运行时间： 1424659	IO等待时间：244189242	除IO等待的空闲时间：  145084	硬中断时间：       0	软中断时间：   17753
总内存： 1833.00	空闲内存：  118.00	内存使用率：    0.94	交换内存：    0.00	交换空闲内存：    0.00	交换空闲内存使用率：    1.00	系统运行时间：41365
每秒读IO次数：    0.07	每秒写IO次数：   19.30	每秒读KB数：    3.30	每秒写KB数：    9.35
[2021-10-21 13:21]：
CPU使用率：    5.00
处理器名字：cpu	用户态的运行时间： 1679605	高优先级运行时间：    8794	内核态运行时间： 1424687	IO等待时间：244190192	除IO等待的空闲时间：  145084	硬中断时间：       0	软中断时间：   17754
总内存： 1833.00	空闲内存：  117.00	内存使用率：    0.94	交换内存：    0.00	交换空闲内存：    0.00	交换空闲内存使用率：    1.00	系统运行时间：41365
每秒读IO次数：    0.07	每秒写IO次数：   19.30	每秒读KB数：    3.30	每秒写KB数：   11.22
[2021-10-21 13:21]：
CPU使用率：    4.11
处理器名字：cpu	用户态的运行时间： 1679622	高优先级运行时间：    8794	内核态运行时间： 1424710	IO等待时间：244191149	除IO等待的空闲时间：  145085	硬中断时间：       0	软中断时间：   17754
总内存： 1833.00	空闲内存：  117.00	内存使用率：    0.94	交换内存：    0.00	交换空闲内存：    0.00	交换空闲内存使用率：    1.00	系统运行时间：41365
每秒读IO次数：    0.07	每秒写IO次数：   19.30	每秒读KB数：    3.30	每秒写KB数：   13.09
[2021-10-21 13:21]：
CPU使用率：    4.20
处理器名字：cpu	用户态的运行时间： 1679639	高优先级运行时间：    8794	内核态运行时间： 1424734	IO等待时间：244192108	除IO等待的空闲时间：  145086	硬中断时间：       0	软中断时间：   17754
总内存： 1833.00	空闲内存：  117.00	内存使用率：    0.94	交换内存：    0.00	交换空闲内存：    0.00	交换空闲内存使用率：    1.00	系统运行时间：41366
每秒读IO次数：    0.07	每秒写IO次数：   19.30	每秒读KB数：    3.30	每秒写KB数：   14.96
[2021-10-21 13:21]：
CPU使用率：    4.52
处理器名字：cpu	用户态的运行时间： 1679652	高优先级运行时间：    8794	内核态运行时间： 1424766	IO等待时间：244193058	除IO等待的空闲时间：  145086	硬中断时间：       0	软中断时间：   17754
总内存： 1833.00	空闲内存：  117.00	内存使用率：    0.94	交换内存：    0.00	交换空闲内存：    0.00	交换空闲内存使用率：    1.00	系统运行时间：41366
每秒读IO次数：    0.07	每秒写IO次数：   19.30	每秒读KB数：    3.30	每秒写KB数：   16.83
[2021-10-21 13:21]：
CPU使用率：    4.60
处理器名字：cpu	用户态的运行时间： 1679668	高优先级运行时间：    8794	内核态运行时间： 1424795	IO等待时间：244194012	除IO等待的空闲时间：  145087	硬中断时间：       0	软中断时间：   17754
总内存： 1833.00	空闲内存：  117.00	内存使用率：    0.94	交换内存：    0.00	交换空闲内存：    0.00	交换空闲内存使用率：    1.00	系统运行时间：41366
每秒读IO次数：    0.07	每秒写IO次数：   19.30	每秒读KB数：    3.30	每秒写KB数：   18.70
[2021-10-21 13:22]：
CPU使用率：    4.52
处理器名字：cpu	用户态的运行时间： 1679682	高优先级运行时间：    8794	内核态运行时间： 1424826	IO等待时间：244194963	除IO等待的空闲时间：  145087	硬中断时间：       0	软中断时间：   17754
总内存： 1833.00	空闲内存：  117.00	内存使用率：    0.94	交换内存：    0.00	交换空闲内存：    0.00	交换空闲内存使用率：    1.00	系统运行时间：41366
每秒读IO次数：    0.07	每秒写IO次数：   19.30	每秒读KB数：    3.30	每秒写KB数：   20.57
[2021-10-21 13:22]：
CPU使用率：    4.91
处理器名字：cpu	用户态的运行时间： 1679704	高优先级运行时间：    8794	内核态运行时间： 1424852	IO等待时间：244195911	除IO等待的空闲时间：  145088	硬中断时间：       0	软中断时间：   17754
总内存： 1833.00	空闲内存：  117.00	内存使用率：    0.94	交换内存：    0.00	交换空闲内存：    0.00	交换空闲内存使用率：    1.00	系统运行时间：41366
每秒读IO次数：    0.07	每秒写IO次数：   19.30	每秒读KB数：    3.30	每秒写KB数：   22.44
[2021-10-21 13:22]：
CPU使用率：    3.71
处理器名字：cpu	用户态的运行时间： 1679719	高优先级运行时间：    8794	内核态运行时间： 1424874	IO等待时间：244196870	除IO等待的空闲时间：  145088	硬中断时间：       0	软中断时间：   17754
总内存： 1833.00	空闲内存：  117.00	内存使用率：    0.94	交换内存：    0.00	交换空闲内存：    0.00	交换空闲内存使用率：    1.00	系统运行时间：41366
每秒读IO次数：    0.07	每秒写IO次数：   19.30	每秒读KB数：    3.30	每秒写KB数：   24.31
[2021-10-21 13:22]：
CPU使用率：    4.01
处理器名字：cpu	用户态的运行时间： 1679734	高优先级运行时间：    8794	内核态运行时间： 1424899	IO等待时间：244197828	除IO等待的空闲时间：  145088	硬中断时间：       0	软中断时间：   17754
总内存： 1833.00	空闲内存：  117.00	内存使用率：    0.94	交换内存：    0.00	交换空闲内存：    0.00	交换空闲内存使用率：    1.00	系统运行时间：41367
每秒读IO次数：    0.07	每秒写IO次数：   19.30	每秒读KB数：    3.30	每秒写KB数：   26.18
[2021-10-21 13:22]：
CPU使用率：    5.41
处理器名字：cpu	用户态的运行时间： 1679760	高优先级运行时间：    8794	内核态运行时间： 1424926	IO等待时间：244198772	除IO等待的空闲时间：  145089	硬中断时间：       0	软中断时间：   17754
总内存： 1833.00	空闲内存：  116.00	内存使用率：    0.94	交换内存：    0.00	交换空闲内存：    0.00	交换空闲内存使用率：    1.00	系统运行时间：41367
每秒读IO次数：    0.07	每秒写IO次数：   19.30	每秒读KB数：    3.30	每秒写KB数：   28.05
[2021-10-21 13:22]：
CPU使用率：    4.81
处理器名字：cpu	用户态的运行时间： 1679776	高优先级运行时间：    8794	内核态运行时间： 1424958	IO等待时间：244199721	除IO等待的空闲时间：  145089	硬中断时间：       0	软中断时间：   17754
总内存： 1833.00	空闲内存：  116.00	内存使用率：    0.94	交换内存：    0.00	交换空闲内存：    0.00	交换空闲内存使用率：    1.00	系统运行时间：41367
每秒读IO次数：    0.07	每秒写IO次数：   19.30	每秒读KB数：    3.29	每秒写KB数：   29.92
[2021-10-21 13:23]：
CPU使用率：    4.52
处理器名字：cpu	用户态的运行时间： 1679798	高优先级运行时间：    8794	内核态运行时间： 1424981	IO等待时间：244200672	除IO等待的空闲时间：  145089	硬中断时间：       0	软中断时间：   17754
总内存： 1833.00	空闲内存：  117.00	内存使用率：    0.94	交换内存：    0.00	交换空闲内存：    0.00	交换空闲内存使用率：    1.00	系统运行时间：41367
每秒读IO次数：    0.07	每秒写IO次数：   19.30	每秒读KB数：    3.29	每秒写KB数：   31.79
[2021-10-21 13:23]：
CPU使用率：    4.61
处理器名字：cpu	用户态的运行时间： 1679816	高优先级运行时间：    8794	内核态运行时间： 1425008	IO等待时间：244201623	除IO等待的空闲时间：  145090	硬中断时间：       0	软中断时间：   17754
总内存： 1833.00	空闲内存：  117.00	内存使用率：    0.94	交换内存：    0.00	交换空闲内存：    0.00	交换空闲内存使用率：    1.00	系统运行时间：41367
每秒读IO次数：    0.07	每秒写IO次数：   19.30	每秒读KB数：    3.29	每秒写KB数：   33.66
[2021-10-21 13:23]：
CPU使用率：    3.82
处理器名字：cpu	用户态的运行时间： 1679830	高优先级运行时间：    8794	内核态运行时间： 1425032	IO等待时间：244202579	除IO等待的空闲时间：  145090	硬中断时间：       0	软中断时间：   17754
总内存： 1833.00	空闲内存：  117.00	内存使用率：    0.94	交换内存：    0.00	交换空闲内存：    0.00	交换空闲内存使用率：    1.00	系统运行时间：41367
每秒读IO次数：    0.07	每秒写IO次数：   19.30	每秒读KB数：    3.29	每秒写KB数：   35.53
[2021-10-21 13:23]：
CPU使用率：    4.30
处理器名字：cpu	用户态的运行时间： 1679846	高优先级运行时间：    8794	内核态运行时间： 1425058	IO等待时间：244203536	除IO等待的空闲时间：  145091	硬中断时间：       0	软中断时间：   17754
总内存： 1833.00	空闲内存：  117.00	内存使用率：    0.94	交换内存：    0.00	交换空闲内存：    0.00	交换空闲内存使用率：    1.00	系统运行时间：41368
每秒读IO次数：    0.07	每秒写IO次数：   19.30	每秒读KB数：    3.29	每秒写KB数：   37.40
[2021-10-21 13:23]：
CPU使用率：    4.21
处理器名字：cpu	用户态的运行时间： 1679863	高优先级运行时间：    8794	内核态运行时间： 1425082	IO等待时间：244204491	除IO等待的空闲时间：  145092	硬中断时间：       0	软中断时间：   17754
总内存： 1833.00	空闲内存：  118.00	内存使用率：    0.94	交换内存：    0.00	交换空闲内存：    0.00	交换空闲内存使用率：    1.00	系统运行时间：41368
每秒读IO次数：    0.07	每秒写IO次数：   19.30	每秒读KB数：    3.29	每秒写KB数：   39.27
[2021-10-21 13:23]：
CPU使用率：    4.90
处理器名字：cpu	用户态的运行时间： 1679885	高优先级运行时间：    8794	内核态运行时间： 1425109	IO等待时间：244205443	除IO等待的空闲时间：  145092	硬中断时间：       0	软中断时间：   17754
总内存： 1833.00	空闲内存：  117.00	内存使用率：    0.94	交换内存：    0.00	交换空闲内存：    0.00	交换空闲内存使用率：    1.00	系统运行时间：41368
每秒读IO次数：    0.07	每秒写IO次数：   19.30	每秒读KB数：    3.29	每秒写KB数：   41.14
[2021-10-21 13:24]：
CPU使用率：    5.31
处理器名字：cpu	用户态的运行时间： 1679910	高优先级运行时间：    8794	内核态运行时间： 1425135	IO等待时间：244206388	除IO等待的空闲时间：  145094	硬中断时间：       0	软中断时间：   17754
总内存： 1833.00	空闲内存：  116.00	内存使用率：    0.94	交换内存：    0.00	交换空闲内存：    0.00	交换空闲内存使用率：    1.00	系统运行时间：41368
每秒读IO次数：    0.07	每秒写IO次数：   19.30	每秒读KB数：    3.29	每秒写KB数：   43.01
[2021-10-21 13:24]：
CPU使用率：    4.70
处理器名字：cpu	用户态的运行时间： 1679930	高优先级运行时间：    8794	内核态运行时间： 1425162	IO等待时间：244207340	除IO等待的空闲时间：  145094	硬中断时间：       0	软中断时间：   17754
总内存： 1833.00	空闲内存：  117.00	内存使用率：    0.94	交换内存：    0.00	交换空闲内存：    0.00	交换空闲内存使用率：    1.00	系统运行时间：41368
每秒读IO次数：    0.07	每秒写IO次数：   19.30	每秒读KB数：    3.29	每秒写KB数：   44.88
[2021-10-21 13:24]：
CPU使用率：    4.20
处理器名字：cpu	用户态的运行时间： 1679949	高优先级运行时间：    8794	内核态运行时间： 1425185	IO等待时间：244208298	除IO等待的空闲时间：  145094	硬中断时间：       0	软中断时间：   17754
总内存： 1833.00	空闲内存：  116.00	内存使用率：    0.94	交换内存：    0.00	交换空闲内存：    0.00	交换空闲内存使用率：    1.00	系统运行时间：41368
每秒读IO次数：    0.07	每秒写IO次数：   19.30	每秒读KB数：    3.29	每秒写KB数：   46.75
[2021-10-21 13:24]：
CPU使用率：    4.50
处理器名字：cpu	用户态的运行时间： 1679965	高优先级运行时间：    8794	内核态运行时间： 1425212	IO等待时间：244209253	除IO等待的空闲时间：  145095	硬中断时间：       0	软中断时间：   17755
总内存： 1833.00	空闲内存：  116.00	内存使用率：    0.94	交换内存：    0.00	交换空闲内存：    0.00	交换空闲内存使用率：    1.00	系统运行时间：41369
每秒读IO次数：    0.07	每秒写IO次数：   19.30	每秒读KB数：    3.29	每秒写KB数：   48.62
[2021-10-21 13:24]：
CPU使用率：    5.22
处理器名字：cpu	用户态的运行时间： 1679987	高优先级运行时间：    8794	内核态运行时间： 1425242	IO等待时间：244210197	除IO等待的空闲时间：  145095	硬中断时间：       0	软中断时间：   17755
总内存： 1833.00	空闲内存：  116.00	内存使用率：    0.94	交换内存：    0.00	交换空闲内存：    0.00	交换空闲内存使用率：    1.00	系统运行时间：41369
每秒读IO次数：    0.07	每秒写IO次数：   19.30	每秒读KB数：    3.29	每秒写KB数：   50.49
[2021-10-21 13:24]：
CPU使用率：    7.21
处理器名字：cpu	用户态的运行时间： 1680033	高优先级运行时间：    8794	内核态运行时间： 1425267	IO等待时间：244211123	除IO等待的空闲时间：  145096	硬中断时间：       0	软中断时间：   17755
总内存： 1833.00	空闲内存：  119.00	内存使用率：    0.94	交换内存：    0.00	交换空闲内存：    0.00	交换空闲内存使用率：    1.00	系统运行时间：41369
每秒读IO次数：    0.07	每秒写IO次数：   19.30	每秒读KB数：    3.29	每秒写KB数：   52.36
[2021-10-21 13:25]：
CPU使用率：    4.81
处理器名字：cpu	用户态的运行时间： 1680055	高优先级运行时间：    8794	内核态运行时间： 1425293	IO等待时间：244212073	除IO等待的空闲时间：  145096	硬中断时间：       0	软中断时间：   17755
总内存： 1833.00	空闲内存：  119.00	内存使用率：    0.94	交换内存：    0.00	交换空闲内存：    0.00	交换空闲内存使用率：    1.00	系统运行时间：41369
每秒读IO次数：    0.07	每秒写IO次数：   19.30	每秒读KB数：    3.29	每秒写KB数：   54.23
[2021-10-21 13:25]：
CPU使用率：    4.31
处理器名字：cpu	用户态的运行时间： 1680070	高优先级运行时间：    8794	内核态运行时间： 1425320	IO等待时间：244213028	除IO等待的空闲时间：  145097	硬中断时间：       0	软中断时间：   17755
总内存： 1833.00	空闲内存：  119.00	内存使用率：    0.94	交换内存：    0.00	交换空闲内存：    0.00	交换空闲内存使用率：    1.00	系统运行时间：41369
每秒读IO次数：    0.07	每秒写IO次数：   19.30	每秒读KB数：    3.29	每秒写KB数：   56.10
[2021-10-21 13:25]：
CPU使用率：    4.21
处理器名字：cpu	用户态的运行时间： 1680090	高优先级运行时间：    8794	内核态运行时间： 1425342	IO等待时间：244213983	除IO等待的空闲时间：  145097	硬中断时间：       0	软中断时间：   17755
总内存： 1833.00	空闲内存：  119.00	内存使用率：    0.94	交换内存：    0.00	交换空闲内存：    0.00	交换空闲内存使用率：    1.00	系统运行时间：41369
每秒读IO次数：    0.07	每秒写IO次数：   19.30	每秒读KB数：    3.29	每秒写KB数：   57.97
[2021-10-21 13:25]：
CPU使用率：    4.01
处理器名字：cpu	用户态的运行时间： 1680102	高优先级运行时间：    8794	内核态运行时间： 1425369	IO等待时间：244214941	除IO等待的空闲时间：  145098	硬中断时间：       0	软中断时间：   17755
总内存： 1833.00	空闲内存：  119.00	内存使用率：    0.94	交换内存：    0.00	交换空闲内存：    0.00	交换空闲内存使用率：    1.00	系统运行时间：41370
每秒读IO次数：    0.07	每秒写IO次数：   19.30	每秒读KB数：    3.29	每秒写KB数：   59.84
[2021-10-21 13:25]：
CPU使用率：    4.21
处理器名字：cpu	用户态的运行时间： 1680120	高优先级运行时间：    8794	内核态运行时间： 1425393	IO等待时间：244215897	除IO等待的空闲时间：  145098	硬中断时间：       0	软中断时间：   17755
总内存： 1833.00	空闲内存：  118.00	内存使用率：    0.94	交换内存：    0.00	交换空闲内存：    0.00	交换空闲内存使用率：    1.00	系统运行时间：41370
每秒读IO次数：    0.07	每秒写IO次数：   19.30	每秒读KB数：    3.29	每秒写KB数：   61.71
[2021-10-21 13:25]：
CPU使用率：    4.60
处理器名字：cpu	用户态的运行时间： 1680136	高优先级运行时间：    8794	内核态运行时间： 1425422	IO等待时间：244216852	除IO等待的空闲时间：  145099	硬中断时间：       0	软中断时间：   17755
总内存： 1833.00	空闲内存：  118.00	内存使用率：    0.94	交换内存：    0.00	交换空闲内存：    0.00	交换空闲内存使用率：    1.00	系统运行时间：41370
每秒读IO次数：    0.07	每秒写IO次数：   19.30	每秒读KB数：    3.29	每秒写KB数：   63.58
[2021-10-21 13:26]：
CPU使用率：    5.11
处理器名字：cpu	用户态的运行时间： 1680154	高优先级运行时间：    8794	内核态运行时间： 1425455	IO等待时间：244217800	除IO等待的空闲时间：  145099	硬中断时间：       0	软中断时间：   17755
总内存： 1833.00	空闲内存：  118.00	内存使用率：    0.94	交换内存：    0.00	交换空闲内存：    0.00	交换空闲内存使用率：    1.00	系统运行时间：41370
每秒读IO次数：    0.07	每秒写IO次数：   19.30	每秒读KB数：    3.29	每秒写KB数：   65.45
[2021-10-21 13:26]：
CPU使用率：    4.60
处理器名字：cpu	用户态的运行时间： 1680173	高优先级运行时间：    8794	内核态运行时间： 1425481	IO等待时间：244218754	除IO等待的空闲时间：  145100	硬中断时间：       0	软中断时间：   17755
总内存： 1833.00	空闲内存：  117.00	内存使用率：    0.94	交换内存：    0.00	交换空闲内存：    0.00	交换空闲内存使用率：    1.00	系统运行时间：41370
每秒读IO次数：    0.07	每秒写IO次数：   19.30	每秒读KB数：    3.29	每秒写KB数：   67.32
[2021-10-21 13:26]：
CPU使用率：    4.12
处理器名字：cpu	用户态的运行时间： 1680188	高优先级运行时间：    8794	内核态运行时间： 1425507	IO等待时间：244219709	除IO等待的空闲时间：  145100	硬中断时间：       0	软中断时间：   17755
总内存： 1833.00	空闲内存：  118.00	内存使用率：    0.94	交换内存：    0.00	交换空闲内存：    0.00	交换空闲内存使用率：    1.00	系统运行时间：41370
每秒读IO次数：    0.07	每秒写IO次数：   19.30	每秒读KB数：    3.29	每秒写KB数：   69.19
[2021-10-21 13:26]：
CPU使用率：    4.01
处理器名字：cpu	用户态的运行时间： 1680200	高优先级运行时间：    8794	内核态运行时间： 1425534	IO等待时间：244220667	除IO等待的空闲时间：  145101	硬中断时间：       0	软中断时间：   17755
总内存： 1833.00	空闲内存：  119.00	内存使用率：    0.94	交换内存：    0.00	交换空闲内存：    0.00	交换空闲内存使用率：    1.00	系统运行时间：41371
每秒读IO次数：    0.07	每秒写IO次数：   19.30	每秒读KB数：    3.29	每秒写KB数：   71.06
[2021-10-21 13:26]：
CPU使用率：    5.60
处理器名字：cpu	用户态的运行时间： 1680230	高优先级运行时间：    8794	内核态运行时间： 1425559	IO等待时间：244221611	除IO等待的空闲时间：  145101	硬中断时间：       0	软中断时间：   17756
总内存： 1833.00	空闲内存：  119.00	内存使用率：    0.94	交换内存：    0.00	交换空闲内存：    0.00	交换空闲内存使用率：    1.00	系统运行时间：41371
每秒读IO次数：    0.07	每秒写IO次数：   19.30	每秒读KB数：    3.29	每秒写KB数：   72.93
[2021-10-21 13:26]：
CPU使用率：    4.71
处理器名字：cpu	用户态的运行时间： 1680249	高优先级运行时间：    8794	内核态运行时间： 1425586	IO等待时间：244222561	除IO等待的空闲时间：  145102	硬中断时间：       0	软中断时间：   17756
总内存： 1833.00	空闲内存：  119.00	内存使用率：    0.94	交换内存：    0.00	交换空闲内存：    0.00	交换空闲内存使用率：    1.00	系统运行时间：41371
每秒读IO次数：    0.07	每秒写IO次数：   19.30	每秒读KB数：    3.29	每秒写KB数：   74.80
[2021-10-21 13:27]：
CPU使用率：    4.80
处理器名字：cpu	用户态的运行时间： 1680268	高优先级运行时间：    8794	内核态运行时间： 1425615	IO等待时间：244223512	除IO等待的空闲时间：  145102	硬中断时间：       0	软中断时间：   17756
总内存： 1833.00	空闲内存：  118.00	内存使用率：    0.94	交换内存：    0.00	交换空闲内存：    0.00	交换空闲内存使用率：    1.00	系统运行时间：41371
每秒读IO次数：    0.07	每秒写IO次数：   19.30	每秒读KB数：    3.29	每秒写KB数：   76.67
[2021-10-21 13:27]：
CPU使用率：    4.70
处理器名字：cpu	用户态的运行时间： 1680285	高优先级运行时间：    8794	内核态运行时间： 1425644	IO等待时间：244224466	除IO等待的空闲时间：  145103	硬中断时间：       0	软中断时间：   17756
总内存： 1833.00	空闲内存：  117.00	内存使用率：    0.94	交换内存：    0.00	交换空闲内存：    0.00	交换空闲内存使用率：    1.00	系统运行时间：41371
每秒读IO次数：    0.07	每秒写IO次数：   19.30	每秒读KB数：    3.29	每秒写KB数：   78.54
[2021-10-21 13:27]：
CPU使用率：    4.21
处理器名字：cpu	用户态的运行时间： 1680299	高优先级运行时间：    8794	内核态运行时间： 1425672	IO等待时间：244225422	除IO等待的空闲时间：  145103	硬中断时间：       0	软中断时间：   17756
总内存： 1833.00	空闲内存：  118.00	内存使用率：    0.94	交换内存：    0.00	交换空闲内存：    0.00	交换空闲内存使用率：    1.00	系统运行时间：41371
每秒读IO次数：    0.07	每秒写IO次数：   19.30	每秒读KB数：    3.29	每秒写KB数：   80.41
[2021-10-21 13:27]：
CPU使用率：    4.22
处理器名字：cpu	用户态的运行时间： 1680315	高优先级运行时间：    8794	内核态运行时间： 1425698	IO等待时间：244226376	除IO等待的空闲时间：  145103	硬中断时间：       0	软中断时间：   17756
总内存： 1833.00	空闲内存：  118.00	内存使用率：    0.94	交换内存：    0.00	交换空闲内存：    0.00	交换空闲内存使用率：    1.00	系统运行时间：41372
每秒读IO次数：    0.07	每秒写IO次数：   19.30	每秒读KB数：    3.29	每秒写KB数：   82.28
[2021-10-21 13:27]：
CPU使用率：    4.59
处理器名字：cpu	用户态的运行时间： 1680333	高优先级运行时间：    8794	内核态运行时间： 1425725	IO等待时间：244227332	除IO等待的空闲时间：  145104	硬中断时间：       0	软中断时间：   17756
总内存： 1833.00	空闲内存：  118.00	内存使用率：    0.94	交换内存：    0.00	交换空闲内存：    0.00	交换空闲内存使用率：    1.00	系统运行时间：41372
每秒读IO次数：    0.07	每秒写IO次数：   19.30	每秒读KB数：    3.29	每秒写KB数：   84.15
[2021-10-21 13:27]：
CPU使用率：    4.23
处理器名字：cpu	用户态的运行时间： 1680351	高优先级运行时间：    8794	内核态运行时间： 1425749	IO等待时间：244228284	除IO等待的空闲时间：  145104	硬中断时间：       0	软中断时间：   17756
总内存： 1833.00	空闲内存：  119.00	内存使用率：    0.94	交换内存：    0.00	交换空闲内存：    0.00	交换空闲内存使用率：    1.00	系统运行时间：41372
每秒读IO次数：    0.07	每秒写IO次数：   19.30	每秒读KB数：    3.29	每秒写KB数：   86.02
[2021-10-21 13:28]：
CPU使用率：    4.50
处理器名字：cpu	用户态的运行时间： 1680366	高优先级运行时间：    8794	内核态运行时间： 1425778	IO等待时间：244229238	除IO等待的空闲时间：  145105	硬中断时间：       0	软中断时间：   17756
总内存： 1833.00	空闲内存：  118.00	内存使用率：    0.94	交换内存：    0.00	交换空闲内存：    0.00	交换空闲内存使用率：    1.00	系统运行时间：41372
每秒读IO次数：    0.07	每秒写IO次数：   19.30	每秒读KB数：    3.29	每秒写KB数：   87.89
[2021-10-21 13:28]：
CPU使用率：    4.11
处理器名字：cpu	用户态的运行时间： 1680380	高优先级运行时间：    8794	内核态运行时间： 1425805	IO等待时间：244230194	除IO等待的空闲时间：  145105	硬中断时间：       0	软中断时间：   17756
总内存： 1833.00	空闲内存：  118.00	内存使用率：    0.94	交换内存：    0.00	交换空闲内存：    0.00	交换空闲内存使用率：    1.00	系统运行时间：41372
每秒读IO次数：    0.07	每秒写IO次数：   19.30	每秒读KB数：    3.29	每秒写KB数：   89.76
[2021-10-21 13:28]：
CPU使用率：    4.10
处理器名字：cpu	用户态的运行时间： 1680397	高优先级运行时间：    8794	内核态运行时间： 1425827	IO等待时间：244231152	除IO等待的空闲时间：  145106	硬中断时间：       0	软中断时间：   17757
总内存： 1833.00	空闲内存：  118.00	内存使用率：    0.94	交换内存：    0.00	交换空闲内存：    0.00	交换空闲内存使用率：    1.00	系统运行时间：41372
每秒读IO次数：    0.07	每秒写IO次数：   19.30	每秒读KB数：    3.29	每秒写KB数：   91.63
[2021-10-21 13:28]：
CPU使用率：    4.30
处理器名字：cpu	用户态的运行时间： 1680415	高优先级运行时间：    8794	内核态运行时间： 1425850	IO等待时间：244232108	除IO等待的空闲时间：  145107	硬中断时间：       0	软中断时间：   17758
总内存： 1833.00	空闲内存：  118.00	内存使用率：    0.94	交换内存：    0.00	交换空闲内存：    0.00	交换空闲内存使用率：    1.00	系统运行时间：41373
每秒读IO次数：    0.07	每秒写IO次数：   19.30	每秒读KB数：    3.29	每秒写KB数：   93.50
[2021-10-21 13:28]：
CPU使用率：    5.22
处理器名字：cpu	用户态的运行时间： 1680439	高优先级运行时间：    8794	内核态运行时间： 1425878	IO等待时间：244233053	除IO等待的空闲时间：  145107	硬中断时间：       0	软中断时间：   17758
总内存： 1833.00	空闲内存：  117.00	内存使用率：    0.94	交换内存：    0.00	交换空闲内存：    0.00	交换空闲内存使用率：    1.00	系统运行时间：41373
每秒读IO次数：    0.07	每秒写IO次数：   19.30	每秒读KB数：    3.29	每秒写KB数：   95.37
[2021-10-21 13:28]：
CPU使用率：    4.89
处理器名字：cpu	用户态的运行时间： 1680457	高优先级运行时间：    8794	内核态运行时间： 1425908	IO等待时间：244234006	除IO等待的空闲时间：  145108	硬中断时间：       0	软中断时间：   17758
总内存： 1833.00	空闲内存：  118.00	内存使用率：    0.94	交换内存：    0.00	交换空闲内存：    0.00	交换空闲内存使用率：    1.00	系统运行时间：41373
每秒读IO次数：    0.07	每秒写IO次数：   19.30	每秒读KB数：    3.29	每秒写KB数：   97.24
[2021-10-21 13:29]：
CPU使用率：    5.21
处理器名字：cpu	用户态的运行时间： 1680478	高优先级运行时间：    8794	内核态运行时间： 1425938	IO等待时间：244234952	除IO等待的空闲时间：  145109	硬中断时间：       0	软中断时间：   17758
总内存： 1833.00	空闲内存：  117.00	内存使用率：    0.94	交换内存：    0.00	交换空闲内存：    0.00	交换空闲内存使用率：    1.00	系统运行时间：41373
每秒读IO次数：    0.07	每秒写IO次数：   19.30	每秒读KB数：    3.29	每秒写KB数：   99.11
[2021-10-21 13:29]：
CPU使用率：    4.50
处理器名字：cpu	用户态的运行时间： 1680496	高优先级运行时间：    8794	内核态运行时间： 1425965	IO等待时间：244235906	除IO等待的空闲时间：  145109	硬中断时间：       0	软中断时间：   17758
总内存： 1833.00	空闲内存：  117.00	内存使用率：    0.94	交换内存：    0.00	交换空闲内存：    0.00	交换空闲内存使用率：    1.00	系统运行时间：41373
每秒读IO次数：    0.07	每秒写IO次数：   19.30	每秒读KB数：    3.29	每秒写KB数：  100.98
[2021-10-21 13:29]：
CPU使用率：    3.81
处理器名字：cpu	用户态的运行时间： 1680512	高优先级运行时间：    8794	内核态运行时间： 1425986	IO等待时间：244236865	除IO等待的空闲时间：  145110	硬中断时间：       0	软中断时间：   17758
总内存： 1833.00	空闲内存：  118.00	内存使用率：    0.94	交换内存：    0.00	交换空闲内存：    0.00	交换空闲内存使用率：    1.00	系统运行时间：41373
每秒读IO次数：    0.07	每秒写IO次数：   19.30	每秒读KB数：    3.29	每秒写KB数：  102.85
[2021-10-21 13:29]：
CPU使用率：    4.41
处理器名字：cpu	用户态的运行时间： 1680525	高优先级运行时间：    8794	内核态运行时间： 1426016	IO等待时间：244237818	除IO等待的空闲时间：  145111	硬中断时间：       0	软中断时间：   17758
总内存： 1833.00	空闲内存：  117.00	内存使用率：    0.94	交换内存：    0.00	交换空闲内存：    0.00	交换空闲内存使用率：    1.00	系统运行时间：41374
每秒读IO次数：    0.07	每秒写IO次数：   19.30	每秒读KB数：    3.29	每秒写KB数：  104.72
[2021-10-21 13:29]：
CPU使用率：    4.50
处理器名字：cpu	用户态的运行时间： 1680545	高优先级运行时间：    8794	内核态运行时间： 1426040	IO等待时间：244238774	除IO等待的空闲时间：  145111	硬中断时间：       0	软中断时间：   17759
总内存： 1833.00	空闲内存：  116.00	内存使用率：    0.94	交换内存：    0.00	交换空闲内存：    0.00	交换空闲内存使用率：    1.00	系统运行时间：41374
每秒读IO次数：    0.07	每秒写IO次数：   19.30	每秒读KB数：    3.29	每秒写KB数：  106.59
[2021-10-21 13:29]：
CPU使用率：    4.61
处理器名字：cpu	用户态的运行时间： 1680564	高优先级运行时间：    8794	内核态运行时间： 1426066	IO等待时间：244239726	除IO等待的空闲时间：  145112	硬中断时间：       0	软中断时间：   17759
总内存： 1833.00	空闲内存：  118.00	内存使用率：    0.94	交换内存：    0.00	交换空闲内存：    0.00	交换空闲内存使用率：    1.00	系统运行时间：41374
每秒读IO次数：    0.07	每秒写IO次数：   19.30	每秒读KB数：    3.29	每秒写KB数：  108.46
[2021-10-21 13:30]：
CPU使用率：    4.91
处理器名字：cpu	用户态的运行时间： 1680585	高优先级运行时间：    8794	内核态运行时间： 1426093	IO等待时间：244240674	除IO等待的空闲时间：  145112	硬中断时间：       0	软中断时间：   17760
总内存： 1833.00	空闲内存：  118.00	内存使用率：    0.94	交换内存：    0.00	交换空闲内存：    0.00	交换空闲内存使用率：    1.00	系统运行时间：41374
每秒读IO次数：    0.07	每秒写IO次数：   19.30	每秒读KB数：    3.29	每秒写KB数：  110.33
[2021-10-21 13:30]：
CPU使用率：    4.31
处理器名字：cpu	用户态的运行时间： 1680602	高优先级运行时间：    8794	内核态运行时间： 1426119	IO等待时间：244241629	除IO等待的空闲时间：  145112	硬中断时间：       0	软中断时间：   17760
总内存： 1833.00	空闲内存：  118.00	内存使用率：    0.94	交换内存：    0.00	交换空闲内存：    0.00	交换空闲内存使用率：    1.00	系统运行时间：41374
每秒读IO次数：    0.07	每秒写IO次数：   19.30	每秒读KB数：    3.29	每秒写KB数：  112.20
[2021-10-21 13:30]：
CPU使用率：    3.82
处理器名字：cpu	用户态的运行时间： 1680616	高优先级运行时间：    8794	内核态运行时间： 1426142	IO等待时间：244242587	除IO等待的空闲时间：  145113	硬中断时间：       0	软中断时间：   17760
总内存： 1833.00	空闲内存：  118.00	内存使用率：    0.94	交换内存：    0.00	交换空闲内存：    0.00	交换空闲内存使用率：    1.00	系统运行时间：41374
每秒读IO次数：    0.07	每秒写IO次数：   19.30	每秒读KB数：    3.29	每秒写KB数：  114.07
[2021-10-21 13:30]：
CPU使用率：    4.01
处理器名字：cpu	用户态的运行时间： 1680632	高优先级运行时间：    8794	内核态运行时间： 1426166	IO等待时间：244243545	除IO等待的空闲时间：  145113	硬中断时间：       0	软中断时间：   17760
总内存： 1833.00	空闲内存：  119.00	内存使用率：    0.94	交换内存：    0.00	交换空闲内存：    0.00	交换空闲内存使用率：    1.00	系统运行时间：41375
每秒读IO次数：    0.07	每秒写IO次数：   19.30	每秒读KB数：    3.29	每秒写KB数：  115.94
[2021-10-21 13:30]：
CPU使用率：    5.62
处理器名字：cpu	用户态的运行时间： 1680653	高优先级运行时间：    8794	内核态运行时间： 1426200	IO等待时间：244244485	除IO等待的空闲时间：  145114	硬中断时间：       0	软中断时间：   17760
总内存： 1833.00	空闲内存：  118.00	内存使用率：    0.94	交换内存：    0.00	交换空闲内存：    0.00	交换空闲内存使用率：    1.00	系统运行时间：41375
每秒读IO次数：    0.07	每秒写IO次数：   19.30	每秒读KB数：    3.29	每秒写KB数：  117.81
[2021-10-21 13:30]：
CPU使用率：    4.30
处理器名字：cpu	用户态的运行时间： 1680671	高优先级运行时间：    8794	内核态运行时间： 1426224	IO等待时间：244245443	除IO等待的空闲时间：  145115	硬中断时间：       0	软中断时间：   17760
总内存： 1833.00	空闲内存：  117.00	内存使用率：    0.94	交换内存：    0.00	交换空闲内存：    0.00	交换空闲内存使用率：    1.00	系统运行时间：41375
每秒读IO次数：    0.07	每秒写IO次数：   19.30	每秒读KB数：    3.29	每秒写KB数：  119.68
[2021-10-21 13:31]：
CPU使用率：    4.81
处理器名字：cpu	用户态的运行时间： 1680692	高优先级运行时间：    8794	内核态运行时间： 1426251	IO等待时间：244246392	除IO等待的空闲时间：  145115	硬中断时间：       0	软中断时间：   17760
总内存： 1833.00	空闲内存：  118.00	内存使用率：    0.94	交换内存：    0.00	交换空闲内存：    0.00	交换空闲内存使用率：    1.00	系统运行时间：41375
每秒读IO次数：    0.07	每秒写IO次数：   19.30	每秒读KB数：    3.29	每秒写KB数：  121.55
[2021-10-21 13:31]：
CPU使用率：    4.60
处理器名字：cpu	用户态的运行时间： 1680709	高优先级运行时间：    8794	内核态运行时间： 1426279	IO等待时间：244247346	除IO等待的空闲时间：  145116	硬中断时间：       0	软中断时间：   17760
总内存： 1833.00	空闲内存：  118.00	内存使用率：    0.94	交换内存：    0.00	交换空闲内存：    0.00	交换空闲内存使用率：    1.00	系统运行时间：41375
每秒读IO次数：    0.07	每秒写IO次数：   19.30	每秒读KB数：    3.29	每秒写KB数：  123.42
[2021-10-21 13:31]：
CPU使用率：    4.40
处理器名字：cpu	用户态的运行时间： 1680727	高优先级运行时间：    8794	内核态运行时间： 1426304	IO等待时间：244248303	除IO等待的空闲时间：  145116	硬中断时间：       0	软中断时间：   17761
总内存： 1833.00	空闲内存：  118.00	内存使用率：    0.94	交换内存：    0.00	交换空闲内存：    0.00	交换空闲内存使用率：    1.00	系统运行时间：41375
每秒读IO次数：    0.07	每秒写IO次数：   19.30	每秒读KB数：    3.29	每秒写KB数：  125.29
[2021-10-21 13:31]：
CPU使用率：    4.60
处理器名字：cpu	用户态的运行时间： 1680747	高优先级运行时间：    8794	内核态运行时间： 1426328	IO等待时间：244249257	除IO等待的空闲时间：  145117	硬中断时间：       0	软中断时间：   17762
总内存： 1833.00	空闲内存：  118.00	内存使用率：    0.94	交换内存：    0.00	交换空闲内存：    0.00	交换空闲内存使用率：    1.00	系统运行时间：41376
每秒读IO次数：    0.07	每秒写IO次数：   19.30	每秒读KB数：    3.29	每秒写KB数：  127.16
[2021-10-21 13:31]：
CPU使用率：    4.20
处理器名字：cpu	用户态的运行时间： 1680768	高优先级运行时间：    8794	内核态运行时间： 1426349	IO等待时间：244250214	除IO等待的空闲时间：  145117	硬中断时间：       0	软中断时间：   17762
总内存： 1833.00	空闲内存：  118.00	内存使用率：    0.94	交换内存：    0.00	交换空闲内存：    0.00	交换空闲内存使用率：    1.00	系统运行时间：41376
每秒读IO次数：    0.07	每秒写IO次数：   19.30	每秒读KB数：    3.29	每秒写KB数：  129.03
[2021-10-21 13:31]：
CPU使用率：    4.31
处理器名字：cpu	用户态的运行时间： 1680784	高优先级运行时间：    8794	内核态运行时间： 1426375	IO等待时间：244251169	除IO等待的空闲时间：  145118	硬中断时间：       0	软中断时间：   17762
总内存： 1833.00	空闲内存：  118.00	内存使用率：    0.94	交换内存：    0.00	交换空闲内存：    0.00	交换空闲内存使用率：    1.00	系统运行时间：41376
每秒读IO次数：    0.07	每秒写IO次数：   19.30	每秒读KB数：    3.29	每秒写KB数：  130.90
[2021-10-21 13:32]：
CPU使用率：    4.92
处理器名字：cpu	用户态的运行时间： 1680802	高优先级运行时间：    8794	内核态运行时间： 1426406	IO等待时间：244252116	除IO等待的空闲时间：  145118	硬中断时间：       0	软中断时间：   17762
总内存： 1833.00	空闲内存：  119.00	内存使用率：    0.94	交换内存：    0.00	交换空闲内存：    0.00	交换空闲内存使用率：    1.00	系统运行时间：41376
每秒读IO次数：    0.07	每秒写IO次数：   19.30	每秒读KB数：    3.29	每秒写KB数：  132.77
[2021-10-21 13:32]：
CPU使用率：    4.81
处理器名字：cpu	用户态的运行时间： 1680820	高优先级运行时间：    8794	内核态运行时间： 1426435	IO等待时间：244253066	除IO等待的空闲时间：  145119	硬中断时间：       0	软中断时间：   17762
总内存： 1833.00	空闲内存：  118.00	内存使用率：    0.94	交换内存：    0.00	交换空闲内存：    0.00	交换空闲内存使用率：    1.00	系统运行时间：41376
每秒读IO次数：    0.07	每秒写IO次数：   19.30	每秒读KB数：    3.29	每秒写KB数：  134.64
[2021-10-21 13:32]：
CPU使用率：    3.82
处理器名字：cpu	用户态的运行时间： 1680836	高优先级运行时间：    8794	内核态运行时间： 1426457	IO等待时间：244254024	除IO等待的空闲时间：  145119	硬中断时间：       0	软中断时间：   17762
总内存： 1833.00	空闲内存：  118.00	内存使用率：    0.94	交换内存：    0.00	交换空闲内存：    0.00	交换空闲内存使用率：    1.00	系统运行时间：41376
每秒读IO次数：    0.07	每秒写IO次数：   19.30	每秒读KB数：    3.29	每秒写KB数：  136.51
[2021-10-21 13:32]：
CPU使用率：    4.60
处理器名字：cpu	用户态的运行时间： 1680855	高优先级运行时间：    8794	内核态运行时间： 1426483	IO等待时间：244254979	除IO等待的空闲时间：  145120	硬中断时间：       0	软中断时间：   17762
总内存： 1833.00	空闲内存：  120.00	内存使用率：    0.93	交换内存：    0.00	交换空闲内存：    0.00	交换空闲内存使用率：    1.00	系统运行时间：41377
每秒读IO次数：    0.07	每秒写IO次数：   19.30	每秒读KB数：    3.29	每秒写KB数：  138.38
[2021-10-21 13:32]：
CPU使用率：    5.23
处理器名字：cpu	用户态的运行时间： 1680874	高优先级运行时间：    8794	内核态运行时间： 1426516	IO等待时间：244255922	除IO等待的空闲时间：  145120	硬中断时间：       0	软中断时间：   17762
总内存： 1833.00	空闲内存：  119.00	内存使用率：    0.94	交换内存：    0.00	交换空闲内存：    0.00	交换空闲内存使用率：    1.00	系统运行时间：41377
每秒读IO次数：    0.07	每秒写IO次数：   19.30	每秒读KB数：    3.29	每秒写KB数：  140.25
[2021-10-21 13:32]：
CPU使用率：    4.31
处理器名字：cpu	用户态的运行时间： 1680891	高优先级运行时间：    8794	内核态运行时间： 1426542	IO等待时间：244256876	除IO等待的空闲时间：  145120	硬中断时间：       0	软中断时间：   17762
总内存： 1833.00	空闲内存：  119.00	内存使用率：    0.94	交换内存：    0.00	交换空闲内存：    0.00	交换空闲内存使用率：    1.00	系统运行时间：41377
每秒读IO次数：    0.07	每秒写IO次数：   19.30	每秒读KB数：    3.29	每秒写KB数：  142.12
[2021-10-21 13:33]：
CPU使用率：    5.20
处理器名字：cpu	用户态的运行时间： 1680910	高优先级运行时间：    8794	内核态运行时间： 1426574	IO等待时间：244257824	除IO等待的空闲时间：  145121	硬中断时间：       0	软中断时间：   17762
总内存： 1833.00	空闲内存：  118.00	内存使用率：    0.94	交换内存：    0.00	交换空闲内存：    0.00	交换空闲内存使用率：    1.00	系统运行时间：41377
每秒读IO次数：    0.07	每秒写IO次数：   19.30	每秒读KB数：    3.29	每秒写KB数：  143.99
[2021-10-21 13:33]：
CPU使用率：    5.11
处理器名字：cpu	用户态的运行时间： 1680928	高优先级运行时间：    8794	内核态运行时间： 1426606	IO等待时间：244258772	除IO等待的空闲时间：  145122	硬中断时间：       0	软中断时间：   17762
总内存： 1833.00	空闲内存：  118.00	内存使用率：    0.94	交换内存：    0.00	交换空闲内存：    0.00	交换空闲内存使用率：    1.00	系统运行时间：41377
每秒读IO次数：    0.07	每秒写IO次数：   19.30	每秒读KB数：    3.29	每秒写KB数：  145.86
[2021-10-21 13:33]：
CPU使用率：    4.11
处理器名字：cpu	用户态的运行时间： 1680945	高优先级运行时间：    8794	内核态运行时间： 1426630	IO等待时间：244259729	除IO等待的空闲时间：  145122	硬中断时间：       0	软中断时间：   17762
总内存： 1833.00	空闲内存：  118.00	内存使用率：    0.94	交换内存：    0.00	交换空闲内存：    0.00	交换空闲内存使用率：    1.00	系统运行时间：41377
每秒读IO次数：    0.07	每秒写IO次数：   19.30	每秒读KB数：    3.29	每秒写KB数：  147.73
[2021-10-21 13:33]：
CPU使用率：    4.41
处理器名字：cpu	用户态的运行时间： 1680966	高优先级运行时间：    8794	内核态运行时间： 1426653	IO等待时间：244260683	除IO等待的空闲时间：  145122	硬中断时间：       0	软中断时间：   17762
总内存： 1833.00	空闲内存：  118.00	内存使用率：    0.94	交换内存：    0.00	交换空闲内存：    0.00	交换空闲内存使用率：    1.00	系统运行时间：41378
每秒读IO次数：    0.07	每秒写IO次数：   19.30	每秒读KB数：    3.29	每秒写KB数：  149.60
[2021-10-21 13:33]：
CPU使用率：    4.31
处理器名字：cpu	用户态的运行时间： 1680983	高优先级运行时间：    8794	内核态运行时间： 1426678	IO等待时间：244261637	除IO等待的空闲时间：  145123	硬中断时间：       0	软中断时间：   17762
总内存： 1833.00	空闲内存：  119.00	内存使用率：    0.94	交换内存：    0.00	交换空闲内存：    0.00	交换空闲内存使用率：    1.00	系统运行时间：41378
每秒读IO次数：    0.07	每秒写IO次数：   19.30	每秒读KB数：    3.29	每秒写KB数：  151.47
[2021-10-21 13:33]：
CPU使用率：    4.21
处理器名字：cpu	用户态的运行时间： 1681000	高优先级运行时间：    8794	内核态运行时间： 1426703	IO等待时间：244262592	除IO等待的空闲时间：  145123	硬中断时间：       0	软中断时间：   17762
总内存： 1833.00	空闲内存：  119.00	内存使用率：    0.94	交换内存：    0.00	交换空闲内存：    0.00	交换空闲内存使用率：    1.00	系统运行时间：41378
每秒读IO次数：    0.07	每秒写IO次数：   19.30	每秒读KB数：    3.29	每秒写KB数：  153.34
[2021-10-21 13:34]：
CPU使用率：    5.51
处理器名字：cpu	用户态的运行时间： 1681025	高优先级运行时间：    8794	内核态运行时间： 1426731	IO等待时间：244263536	除IO等待的空闲时间：  145124	硬中断时间：       0	软中断时间：   17763
总内存： 1833.00	空闲内存：  118.00	内存使用率：    0.94	交换内存：    0.00	交换空闲内存：    0.00	交换空闲内存使用率：    1.00	系统运行时间：41378
每秒读IO次数：    0.07	每秒写IO次数：   19.30	每秒读KB数：    3.29	每秒写KB数：  155.21
[2021-10-21 13:34]：
CPU使用率：    4.02
处理器名字：cpu	用户态的运行时间： 1681040	高优先级运行时间：    8794	内核态运行时间： 1426756	IO等待时间：244264491	除IO等待的空闲时间：  145124	硬中断时间：       0	软中断时间：   17763
总内存： 1833.00	空闲内存：  118.00	内存使用率：    0.94	交换内存：    0.00	交换空闲内存：    0.00	交换空闲内存使用率：    1.00	系统运行时间：41378
每秒读IO次数：    0.07	每秒写IO次数：   19.30	每秒读KB数：    3.29	每秒写KB数：  157.08
[2021-10-21 13:34]：
CPU使用率：    4.30
处理器名字：cpu	用户态的运行时间： 1681057	高优先级运行时间：    8794	内核态运行时间： 1426781	IO等待时间：244265448	除IO等待的空闲时间：  145125	硬中断时间：       0	软中断时间：   17763
总内存： 1833.00	空闲内存：  117.00	内存使用率：    0.94	交换内存：    0.00	交换空闲内存：    0.00	交换空闲内存使用率：    1.00	系统运行时间：41378
每秒读IO次数：    0.07	每秒写IO次数：   19.30	每秒读KB数：    3.29	每秒写KB数：  158.95
[2021-10-21 13:34]：
CPU使用率：    4.20
处理器名字：cpu	用户态的运行时间： 1681076	高优先级运行时间：    8794	内核态运行时间： 1426804	IO等待时间：244266405	除IO等待的空闲时间：  145125	硬中断时间：       0	软中断时间：   17763
总内存： 1833.00	空闲内存：  117.00	内存使用率：    0.94	交换内存：    0.00	交换空闲内存：    0.00	交换空闲内存使用率：    1.00	系统运行时间：41379
每秒读IO次数：    0.07	每秒写IO次数：   19.30	每秒读KB数：    3.29	每秒写KB数：  160.82
[2021-10-21 13:34]：
CPU使用率：    5.79
处理器名字：cpu	用户态的运行时间： 1681102	高优先级运行时间：    8794	内核态运行时间： 1426834	IO等待时间：244267348	除IO等待的空闲时间：  145126	硬中断时间：       0	软中断时间：   17764
总内存： 1833.00	空闲内存：  119.00	内存使用率：    0.94	交换内存：    0.00	交换空闲内存：    0.00	交换空闲内存使用率：    1.00	系统运行时间：41379
每秒读IO次数：    0.07	每秒写IO次数：   19.30	每秒读KB数：    3.29	每秒写KB数：  162.69
[2021-10-21 13:34]：
CPU使用率：    4.51
处理器名字：cpu	用户态的运行时间： 1681120	高优先级运行时间：    8794	内核态运行时间： 1426861	IO等待时间：244268300	除IO等待的空闲时间：  145126	硬中断时间：       0	软中断时间：   17764
总内存： 1833.00	空闲内存：  118.00	内存使用率：    0.94	交换内存：    0.00	交换空闲内存：    0.00	交换空闲内存使用率：    1.00	系统运行时间：41379
每秒读IO次数：    0.07	每秒写IO次数：   19.30	每秒读KB数：    3.29	每秒写KB数：  164.56
[2021-10-21 13:35]：
CPU使用率：    5.19
处理器名字：cpu	用户态的运行时间： 1681139	高优先级运行时间：    8794	内核态运行时间： 1426893	IO等待时间：244269249	除IO等待的空闲时间：  145127	硬中断时间：       0	软中断时间：   17764
总内存： 1833.00	空闲内存：  118.00	内存使用率：    0.94	交换内存：    0.00	交换空闲内存：    0.00	交换空闲内存使用率：    1.00	系统运行时间：41379
每秒读IO次数：    0.07	每秒写IO次数：   19.30	每秒读KB数：    3.29	每秒写KB数：  166.43
[2021-10-21 13:35]：
CPU使用率：    5.11
处理器名字：cpu	用户态的运行时间： 1681161	高优先级运行时间：    8794	内核态运行时间： 1426921	IO等待时间：244270197	除IO等待的空闲时间：  145128	硬中断时间：       0	软中断时间：   17764
总内存： 1833.00	空闲内存：  118.00	内存使用率：    0.94	交换内存：    0.00	交换空闲内存：    0.00	交换空闲内存使用率：    1.00	系统运行时间：41379
每秒读IO次数：    0.07	每秒写IO次数：   19.30	每秒读KB数：    3.29	每秒写KB数：  168.30
[2021-10-21 13:35]：
CPU使用率：    4.00
处理器名字：cpu	用户态的运行时间： 1681179	高优先级运行时间：    8794	内核态运行时间： 1426943	IO等待时间：244271156	除IO等待的空闲时间：  145128	硬中断时间：       0	软中断时间：   17764
总内存： 1833.00	空闲内存：  118.00	内存使用率：    0.94	交换内存：    0.00	交换空闲内存：    0.00	交换空闲内存使用率：    1.00	系统运行时间：41379
每秒读IO次数：    0.07	每秒写IO次数：   19.30	每秒读KB数：    3.29	每秒写KB数：  170.17
[2021-10-21 13:35]：
CPU使用率：    4.31
处理器名字：cpu	用户态的运行时间： 1681196	高优先级运行时间：    8794	内核态运行时间： 1426968	IO等待时间：244272110	除IO等待的空闲时间：  145129	硬中断时间：       0	软中断时间：   17764
总内存： 1833.00	空闲内存：  117.00	内存使用率：    0.94	交换内存：    0.00	交换空闲内存：    0.00	交换空闲内存使用率：    1.00	系统运行时间：41380
每秒读IO次数：    0.07	每秒写IO次数：   19.30	每秒读KB数：    3.29	每秒写KB数：  172.04
[2021-10-21 13:35]：
CPU使用率：    4.62
处理器名字：cpu	用户态的运行时间： 1681214	高优先级运行时间：    8794	内核态运行时间： 1426996	IO等待时间：244273059	除IO等待的空闲时间：  145129	硬中断时间：       0	软中断时间：   17764
总内存： 1833.00	空闲内存：  116.00	内存使用率：    0.94	交换内存：    0.00	交换空闲内存：    0.00	交换空闲内存使用率：    1.00	系统运行时间：41380
每秒读IO次数：    0.07	每秒写IO次数：   19.30	每秒读KB数：    3.29	每秒写KB数：  173.91
[2021-10-21 13:35]：
CPU使用率：    4.40
处理器名字：cpu	用户态的运行时间： 1681231	高优先级运行时间：    8794	内核态运行时间： 1427022	IO等待时间：244274014	除IO等待的空闲时间：  145130	硬中断时间：       0	软中断时间：   17764
总内存： 1833.00	空闲内存：  117.00	内存使用率：    0.94	交换内存：    0.00	交换空闲内存：    0.00	交换空闲内存使用率：    1.00	系统运行时间：41380
每秒读IO次数：    0.07	每秒写IO次数：   19.30	每秒读KB数：    3.29	每秒写KB数：  175.78
[2021-10-21 13:36]：
CPU使用率：    4.62
处理器名字：cpu	用户态的运行时间： 1681251	高优先级运行时间：    8794	内核态运行时间： 1427048	IO等待时间：244274963	除IO等待的空闲时间：  145130	硬中断时间：       0	软中断时间：   17764
总内存： 1833.00	空闲内存：  118.00	内存使用率：    0.94	交换内存：    0.00	交换空闲内存：    0.00	交换空闲内存使用率：    1.00	系统运行时间：41380
每秒读IO次数：    0.07	每秒写IO次数：   19.30	每秒读KB数：    3.29	每秒写KB数：  177.65
[2021-10-21 13:36]：
CPU使用率：    5.11
处理器名字：cpu	用户态的运行时间： 1681274	高优先级运行时间：    8794	内核态运行时间： 1427076	IO等待时间：244275910	除IO等待的空闲时间：  145130	硬中断时间：       0	软中断时间：   17764
总内存： 1833.00	空闲内存：  117.00	内存使用率：    0.94	交换内存：    0.00	交换空闲内存：    0.00	交换空闲内存使用率：    1.00	系统运行时间：41380
每秒读IO次数：    0.07	每秒写IO次数：   19.30	每秒读KB数：    3.29	每秒写KB数：  179.52
[2021-10-21 13:36]：
CPU使用率：    4.00
处理器名字：cpu	用户态的运行时间： 1681290	高优先级运行时间：    8794	内核态运行时间： 1427098	IO等待时间：244276869	除IO等待的空闲时间：  145131	硬中断时间：       0	软中断时间：   17765
总内存： 1833.00	空闲内存：  117.00	内存使用率：    0.94	交换内存：    0.00	交换空闲内存：    0.00	交换空闲内存使用率：    1.00	系统运行时间：41380
每秒读IO次数：    0.07	每秒写IO次数：   19.30	每秒读KB数：    3.29	每秒写KB数：  181.39
[2021-10-21 13:36]：
CPU使用率：    4.50
处理器名字：cpu	用户态的运行时间： 1681306	高优先级运行时间：    8794	内核态运行时间： 1427125	IO等待时间：244277823	除IO等待的空闲时间：  145132	硬中断时间：       0	软中断时间：   17766
总内存： 1833.00	空闲内存：  117.00	内存使用率：    0.94	交换内存：    0.00	交换空闲内存：    0.00	交换空闲内存使用率：    1.00	系统运行时间：41381
每秒读IO次数：    0.07	每秒写IO次数：   19.30	每秒读KB数：    3.29	每秒写KB数：  183.26
[2021-10-21 13:36]：
CPU使用率：    5.33
处理器名字：cpu	用户态的运行时间： 1681328	高优先级运行时间：    8794	内核态运行时间： 1427156	IO等待时间：244278765	除IO等待的空闲时间：  145132	硬中断时间：       0	软中断时间：   17766
总内存： 1833.00	空闲内存：  117.00	内存使用率：    0.94	交换内存：    0.00	交换空闲内存：    0.00	交换空闲内存使用率：    1.00	系统运行时间：41381
每秒读IO次数：    0.07	每秒写IO次数：   19.30	每秒读KB数：    3.29	每秒写KB数：  185.13
[2021-10-21 13:36]：
CPU使用率：    4.70
处理器名字：cpu	用户态的运行时间： 1681354	高优先级运行时间：    8794	内核态运行时间： 1427177	IO等待时间：244279717	除IO等待的空闲时间：  145132	硬中断时间：       0	软中断时间：   17766
总内存： 1833.00	空闲内存：  117.00	内存使用率：    0.94	交换内存：    0.00	交换空闲内存：    0.00	交换空闲内存使用率：    1.00	系统运行时间：41381
每秒读IO次数：    0.07	每秒写IO次数：   19.30	每秒读KB数：    3.29	每秒写KB数：  187.00
[2021-10-21 13:37]：
CPU使用率：    4.71
处理器名字：cpu	用户态的运行时间： 1681373	高优先级运行时间：    8794	内核态运行时间： 1427204	IO等待时间：244280668	除IO等待的空闲时间：  145133	硬中断时间：       0	软中断时间：   17766
总内存： 1833.00	空闲内存：  116.00	内存使用率：    0.94	交换内存：    0.00	交换空闲内存：    0.00	交换空闲内存使用率：    1.00	系统运行时间：41381
每秒读IO次数：    0.07	每秒写IO次数：   19.30	每秒读KB数：    3.29	每秒写KB数：  188.87
[2021-10-21 13:37]：
CPU使用率：    5.01
处理器名字：cpu	用户态的运行时间： 1681395	高优先级运行时间：    8794	内核态运行时间： 1427232	IO等待时间：244281616	除IO等待的空闲时间：  145133	硬中断时间：       0	软中断时间：   17766
总内存： 1833.00	空闲内存：  117.00	内存使用率：    0.94	交换内存：    0.00	交换空闲内存：    0.00	交换空闲内存使用率：    1.00	系统运行时间：41381
每秒读IO次数：    0.07	每秒写IO次数：   19.30	每秒读KB数：    3.29	每秒写KB数：  190.74
[2021-10-21 13:37]：
CPU使用率：    4.30
处理器名字：cpu	用户态的运行时间： 1681410	高优先级运行时间：    8794	内核态运行时间： 1427259	IO等待时间：244282572	除IO等待的空闲时间：  145134	硬中断时间：       0	软中断时间：   17766
总内存： 1833.00	空闲内存：  116.00	内存使用率：    0.94	交换内存：    0.00	交换空闲内存：    0.00	交换空闲内存使用率：    1.00	系统运行时间：41381
每秒读IO次数：    0.07	每秒写IO次数：   19.30	每秒读KB数：    3.29	每秒写KB数：  192.61
[2021-10-21 13:37]：
CPU使用率：    4.51
处理器名字：cpu	用户态的运行时间： 1681424	高优先级运行时间：    8794	内核态运行时间： 1427288	IO等待时间：244283524	除IO等待的空闲时间：  145135	硬中断时间：       0	软中断时间：   17767
总内存： 1833.00	空闲内存：  116.00	内存使用率：    0.94	交换内存：    0.00	交换空闲内存：    0.00	交换空闲内存使用率：    1.00	系统运行时间：41382
每秒读IO次数：    0.07	每秒写IO次数：   19.30	每秒读KB数：    3.29	每秒写KB数：  194.48
[2021-10-21 13:37]：
CPU使用率：    4.90
处理器名字：cpu	用户态的运行时间： 1681440	高优先级运行时间：    8794	内核态运行时间： 1427318	IO等待时间：244284476	除IO等待的空闲时间：  145137	硬中断时间：       0	软中断时间：   17768
总内存： 1833.00	空闲内存：  116.00	内存使用率：    0.94	交换内存：    0.00	交换空闲内存：    0.00	交换空闲内存使用率：    1.00	系统运行时间：41382
每秒读IO次数：    0.07	每秒写IO次数：   19.30	每秒读KB数：    3.29	每秒写KB数：  196.35
[2021-10-21 13:37]：
CPU使用率：    4.73
处理器名字：cpu	用户态的运行时间： 1681459	高优先级运行时间：    8794	内核态运行时间： 1427346	IO等待时间：244285423	除IO等待的空闲时间：  145137	硬中断时间：       0	软中断时间：   17768
总内存： 1833.00	空闲内存：  115.00	内存使用率：    0.94	交换内存：    0.00	交换空闲内存：    0.00	交换空闲内存使用率：    1.00	系统运行时间：41382
每秒读IO次数：    0.07	每秒写IO次数：   19.30	每秒读KB数：    3.29	每秒写KB数：  198.22
[2021-10-21 13:38]：
CPU使用率：    5.01
处理器名字：cpu	用户态的运行时间： 1681474	高优先级运行时间：    8794	内核态运行时间： 1427380	IO等待时间：244286371	除IO等待的空闲时间：  145138	硬中断时间：       0	软中断时间：   17768
总内存： 1833.00	空闲内存：  116.00	内存使用率：    0.94	交换内存：    0.00	交换空闲内存：    0.00	交换空闲内存使用率：    1.00	系统运行时间：41382
每秒读IO次数：    0.07	每秒写IO次数：   19.30	每秒读KB数：    3.29	每秒写KB数：  200.09
[2021-10-21 13:38]：
CPU使用率：    5.11
处理器名字：cpu	用户态的运行时间： 1681496	高优先级运行时间：    8794	内核态运行时间： 1427407	IO等待时间：244287318	除IO等待的空闲时间：  145139	硬中断时间：       0	软中断时间：   17769
总内存： 1833.00	空闲内存：  116.00	内存使用率：    0.94	交换内存：    0.00	交换空闲内存：    0.00	交换空闲内存使用率：    1.00	系统运行时间：41382
每秒读IO次数：    0.07	每秒写IO次数：   19.30	每秒读KB数：    3.29	每秒写KB数：  201.96
[2021-10-21 13:38]：
CPU使用率：    4.60
处理器名字：cpu	用户态的运行时间： 1681514	高优先级运行时间：    8794	内核态运行时间： 1427435	IO等待时间：244288273	除IO等待的空闲时间：  145139	硬中断时间：       0	软中断时间：   17769
总内存： 1833.00	空闲内存：  115.00	内存使用率：    0.94	交换内存：    0.00	交换空闲内存：    0.00	交换空闲内存使用率：    1.00	系统运行时间：41382
每秒读IO次数：    0.07	每秒写IO次数：   19.30	每秒读KB数：    3.29	每秒写KB数：  203.83
[2021-10-21 13:38]：
CPU使用率：    4.50
处理器名字：cpu	用户态的运行时间： 1681532	高优先级运行时间：    8794	内核态运行时间： 1427461	IO等待时间：244289228	除IO等待的空闲时间：  145140	硬中断时间：       0	软中断时间：   17769
总内存： 1833.00	空闲内存：  116.00	内存使用率：    0.94	交换内存：    0.00	交换空闲内存：    0.00	交换空闲内存使用率：    1.00	系统运行时间：41383
每秒读IO次数：    0.07	每秒写IO次数：   19.30	每秒读KB数：    3.29	每秒写KB数：  205.70
[2021-10-21 13:38]：
CPU使用率：    6.00
处理器名字：cpu	用户态的运行时间： 1681555	高优先级运行时间：    8794	内核态运行时间： 1427498	IO等待时间：244290168	除IO等待的空闲时间：  145140	硬中断时间：       0	软中断时间：   17769
总内存： 1833.00	空闲内存：  116.00	内存使用率：    0.94	交换内存：    0.00	交换空闲内存：    0.00	交换空闲内存使用率：    1.00	系统运行时间：41383
每秒读IO次数：    0.07	每秒写IO次数：   19.30	每秒读KB数：    3.29	每秒写KB数：  207.57
[2021-10-21 13:38]：
CPU使用率：    5.01
处理器名字：cpu	用户态的运行时间： 1681572	高优先级运行时间：    8794	内核态运行时间： 1427530	IO等待时间：244291117	除IO等待的空闲时间：  145141	硬中断时间：       0	软中断时间：   17769
总内存： 1833.00	空闲内存：  115.00	内存使用率：    0.94	交换内存：    0.00	交换空闲内存：    0.00	交换空闲内存使用率：    1.00	系统运行时间：41383
每秒读IO次数：    0.07	每秒写IO次数：   19.30	每秒读KB数：    3.29	每秒写KB数：  209.44
[2021-10-21 13:39]：
CPU使用率：    5.60
处理器名字：cpu	用户态的运行时间： 1681598	高优先级运行时间：    8794	内核态运行时间： 1427560	IO等待时间：244292061	除IO等待的空闲时间：  145141	硬中断时间：       0	软中断时间：   17769
总内存： 1833.00	空闲内存：  114.00	内存使用率：    0.94	交换内存：    0.00	交换空闲内存：    0.00	交换空闲内存使用率：    1.00	系统运行时间：41383
每秒读IO次数：    0.07	每秒写IO次数：   19.30	每秒读KB数：    3.29	每秒写KB数：  211.31
[2021-10-21 13:39]：
CPU使用率：    5.00
处理器名字：cpu	用户态的运行时间： 1681620	高优先级运行时间：    8794	内核态运行时间： 1427586	IO等待时间：244293011	除IO等待的空闲时间：  145142	硬中断时间：       0	软中断时间：   17770
总内存： 1833.00	空闲内存：  114.00	内存使用率：    0.94	交换内存：    0.00	交换空闲内存：    0.00	交换空闲内存使用率：    1.00	系统运行时间：41383
每秒读IO次数：    0.07	每秒写IO次数：   19.30	每秒读KB数：    3.29	每秒写KB数：  213.18
[2021-10-21 13:39]：
CPU使用率：    4.62
处理器名字：cpu	用户态的运行时间： 1681637	高优先级运行时间：    8794	内核态运行时间： 1427615	IO等待时间：244293960	除IO等待的空闲时间：  145142	硬中断时间：       0	软中断时间：   17770
总内存： 1833.00	空闲内存：  113.00	内存使用率：    0.94	交换内存：    0.00	交换空闲内存：    0.00	交换空闲内存使用率：    1.00	系统运行时间：41383
每秒读IO次数：    0.07	每秒写IO次数：   19.30	每秒读KB数：    3.29	每秒写KB数：  215.05
[2021-10-21 13:39]：
CPU使用率：    3.81
处理器名字：cpu	用户态的运行时间： 1681651	高优先级运行时间：    8794	内核态运行时间： 1427638	IO等待时间：244294920	除IO等待的空闲时间：  145143	硬中断时间：       0	软中断时间：   17770
总内存： 1833.00	空闲内存：  113.00	内存使用率：    0.94	交换内存：    0.00	交换空闲内存：    0.00	交换空闲内存使用率：    1.00	系统运行时间：41384
每秒读IO次数：    0.07	每秒写IO次数：   19.30	每秒读KB数：    3.29	每秒写KB数：  216.92
[2021-10-21 13:39]：
CPU使用率：    4.72
处理器名字：cpu	用户态的运行时间： 1681667	高优先级运行时间：    8794	内核态运行时间： 1427669	IO等待时间：244295869	除IO等待的空闲时间：  145143	硬中断时间：       0	软中断时间：   17770
总内存： 1833.00	空闲内存：  115.00	内存使用率：    0.94	交换内存：    0.00	交换空闲内存：    0.00	交换空闲内存使用率：    1.00	系统运行时间：41384
每秒读IO次数：    0.07	每秒写IO次数：   19.30	每秒读KB数：    3.29	每秒写KB数：  218.79
[2021-10-21 13:39]：
CPU使用率：    4.51
处理器名字：cpu	用户态的运行时间： 1681690	高优先级运行时间：    8794	内核态运行时间： 1427690	IO等待时间：244296822	除IO等待的空闲时间：  145144	硬中断时间：       0	软中断时间：   17770
总内存： 1833.00	空闲内存：  114.00	内存使用率：    0.94	交换内存：    0.00	交换空闲内存：    0.00	交换空闲内存使用率：    1.00	系统运行时间：41384
每秒读IO次数：    0.07	每秒写IO次数：   19.30	每秒读KB数：    3.29	每秒写KB数：  220.66
[2021-10-21 13:40]：
CPU使用率：    4.81
处理器名字：cpu	用户态的运行时间： 1681709	高优先级运行时间：    8794	内核态运行时间： 1427718	IO等待时间：244297771	除IO等待的空闲时间：  145145	硬中断时间：       0	软中断时间：   17770
总内存： 1833.00	空闲内存：  114.00	内存使用率：    0.94	交换内存：    0.00	交换空闲内存：    0.00	交换空闲内存使用率：    1.00	系统运行时间：41384
每秒读IO次数：    0.07	每秒写IO次数：   19.30	每秒读KB数：    3.29	每秒写KB数：  222.53
[2021-10-21 13:40]：
CPU使用率：    4.90
处理器名字：cpu	用户态的运行时间： 1681729	高优先级运行时间：    8794	内核态运行时间： 1427747	IO等待时间：244298721	除IO等待的空闲时间：  145145	硬中断时间：       0	软中断时间：   17770
总内存： 1833.00	空闲内存：  114.00	内存使用率：    0.94	交换内存：    0.00	交换空闲内存：    0.00	交换空闲内存使用率：    1.00	系统运行时间：41384
每秒读IO次数：    0.07	每秒写IO次数：   19.30	每秒读KB数：    3.29	每秒写KB数：  224.40
[2021-10-21 13:40]：
CPU使用率：    4.51
处理器名字：cpu	用户态的运行时间： 1681746	高优先级运行时间：    8794	内核态运行时间： 1427774	IO等待时间：244299673	除IO等待的空闲时间：  145146	硬中断时间：       0	软中断时间：   17770
总内存： 1833.00	空闲内存：  114.00	内存使用率：    0.94	交换内存：    0.00	交换空闲内存：    0.00	交换空闲内存使用率：    1.00	系统运行时间：41384
每秒读IO次数：    0.07	每秒写IO次数：   19.30	每秒读KB数：    3.29	每秒写KB数：  226.27
[2021-10-21 13:40]：
CPU使用率：    4.61
处理器名字：cpu	用户态的运行时间： 1681760	高优先级运行时间：    8794	内核态运行时间： 1427804	IO等待时间：244300625	除IO等待的空闲时间：  145147	硬中断时间：       0	软中断时间：   17771
总内存： 1833.00	空闲内存：  113.00	内存使用率：    0.94	交换内存：    0.00	交换空闲内存：    0.00	交换空闲内存使用率：    1.00	系统运行时间：41385
每秒读IO次数：    0.07	每秒写IO次数：   19.30	每秒读KB数：    3.29	每秒写KB数：  228.14
[2021-10-21 13:40]：
CPU使用率：    5.51
处理器名字：cpu	用户态的运行时间： 1681787	高优先级运行时间：    8794	内核态运行时间： 1427832	IO等待时间：244301568	除IO等待的空闲时间：  145147	硬中断时间：       0	软中断时间：   17771
总内存： 1833.00	空闲内存：  113.00	内存使用率：    0.94	交换内存：    0.00	交换空闲内存：    0.00	交换空闲内存使用率：    1.00	系统运行时间：41385
每秒读IO次数：    0.07	每秒写IO次数：   19.30	每秒读KB数：    3.29	每秒写KB数：  230.01
[2021-10-21 13:40]：
CPU使用率：    5.03
处理器名字：cpu	用户态的运行时间： 1681807	高优先级运行时间：    8794	内核态运行时间： 1427862	IO等待时间：244302513	除IO等待的空闲时间：  145147	硬中断时间：       0	软中断时间：   17771
总内存： 1833.00	空闲内存：  114.00	内存使用率：    0.94	交换内存：    0.00	交换空闲内存：    0.00	交换空闲内存使用率：    1.00	系统运行时间：41385
每秒读IO次数：    0.07	每秒写IO次数：   19.30	每秒读KB数：    3.29	每秒写KB数：  231.88
[2021-10-21 13:41]：
CPU使用率：    4.71
处理器名字：cpu	用户态的运行时间： 1681826	高优先级运行时间：    8794	内核态运行时间： 1427888	IO等待时间：244303464	除IO等待的空闲时间：  145148	硬中断时间：       0	软中断时间：   17772
总内存： 1833.00	空闲内存：  113.00	内存使用率：    0.94	交换内存：    0.00	交换空闲内存：    0.00	交换空闲内存使用率：    1.00	系统运行时间：41385
每秒读IO次数：    0.07	每秒写IO次数：   19.30	每秒读KB数：    3.29	每秒写KB数：  233.75
[2021-10-21 13:41]：
CPU使用率：    4.41
处理器名字：cpu	用户态的运行时间： 1681845	高优先级运行时间：    8794	内核态运行时间： 1427913	IO等待时间：244304418	除IO等待的空闲时间：  145148	硬中断时间：       0	软中断时间：   17772
总内存： 1833.00	空闲内存：  113.00	内存使用率：    0.94	交换内存：    0.00	交换空闲内存：    0.00	交换空闲内存使用率：    1.00	系统运行时间：41385
每秒读IO次数：    0.07	每秒写IO次数：   19.30	每秒读KB数：    3.29	每秒写KB数：  235.62
[2021-10-21 13:41]：
CPU使用率：    4.01
处理器名字：cpu	用户态的运行时间： 1681859	高优先级运行时间：    8794	内核态运行时间： 1427939	IO等待时间：244305376	除IO等待的空闲时间：  145148	硬中断时间：       0	软中断时间：   17772
总内存： 1833.00	空闲内存：  113.00	内存使用率：    0.94	交换内存：    0.00	交换空闲内存：    0.00	交换空闲内存使用率：    1.00	系统运行时间：41385
每秒读IO次数：    0.07	每秒写IO次数：   19.30	每秒读KB数：    3.29	每秒写KB数：  237.49
[2021-10-21 13:41]：
CPU使用率：    3.90
处理器名字：cpu	用户态的运行时间： 1681876	高优先级运行时间：    8794	内核态运行时间： 1427960	IO等待时间：244306336	除IO等待的空闲时间：  145149	硬中断时间：       0	软中断时间：   17772
总内存： 1833.00	空闲内存：  114.00	内存使用率：    0.94	交换内存：    0.00	交换空闲内存：    0.00	交换空闲内存使用率：    1.00	系统运行时间：41386
每秒读IO次数：    0.07	每秒写IO次数：   19.30	每秒读KB数：    3.29	每秒写KB数：  239.36
[2021-10-21 13:41]：
CPU使用率：    4.62
处理器名字：cpu	用户态的运行时间： 1681893	高优先级运行时间：    8794	内核态运行时间： 1427988	IO等待时间：244307286	除IO等待的空闲时间：  145150	硬中断时间：       0	软中断时间：   17772
总内存： 1833.00	空闲内存：  113.00	内存使用率：    0.94	交换内存：    0.00	交换空闲内存：    0.00	交换空闲内存使用率：    1.00	系统运行时间：41386
每秒读IO次数：    0.07	每秒写IO次数：   19.30	每秒读KB数：    3.29	每秒写KB数：  241.23
[2021-10-21 13:41]：
CPU使用率：    4.90
处理器名字：cpu	用户态的运行时间： 1681915	高优先级运行时间：    8794	内核态运行时间： 1428015	IO等待时间：244308236	除IO等待的空闲时间：  145150	硬中断时间：       0	软中断时间：   17772
总内存： 1833.00	空闲内存：  113.00	内存使用率：    0.94	交换内存：    0.00	交换空闲内存：    0.00	交换空闲内存使用率：    1.00	系统运行时间：41386
每秒读IO次数：    0.07	每秒写IO次数：   19.30	每秒读KB数：    3.29	每秒写KB数：  243.10
[2021-10-21 13:42]：
CPU使用率：    4.30
处理器名字：cpu	用户态的运行时间： 1681933	高优先级运行时间：    8794	内核态运行时间： 1428039	IO等待时间：244309194	除IO等待的空闲时间：  145151	硬中断时间：       0	软中断时间：   17772
总内存： 1833.00	空闲内存：  113.00	内存使用率：    0.94	交换内存：    0.00	交换空闲内存：    0.00	交换空闲内存使用率：    1.00	系统运行时间：41386
每秒读IO次数：    0.07	每秒写IO次数：   19.30	每秒读KB数：    3.29	每秒写KB数：  244.97
[2021-10-21 13:42]：
CPU使用率：    3.42
处理器名字：cpu	用户态的运行时间： 1681950	高优先级运行时间：    8794	内核态运行时间： 1428053	IO等待时间：244310155	除IO等待的空闲时间：  145153	硬中断时间：       0	软中断时间：   17773
总内存： 1833.00	空闲内存：  112.00	内存使用率：    0.94	交换内存：    0.00	交换空闲内存：    0.00	交换空闲内存使用率：    1.00	系统运行时间：41386
每秒读IO次数：    0.07	每秒写IO次数：   19.30	每秒读KB数：    3.29	每秒写KB数：  246.84
[2021-10-21 13:42]：
CPU使用率：    3.60
处理器名字：cpu	用户态的运行时间： 1681968	高优先级运行时间：    8794	内核态运行时间： 1428071	IO等待时间：244311119	除IO等待的空闲时间：  145153	硬中断时间：       0	软中断时间：   17773
总内存： 1833.00	空闲内存：  114.00	内存使用率：    0.94	交换内存：    0.00	交换空闲内存：    0.00	交换空闲内存使用率：    1.00	系统运行时间：41386
每秒读IO次数：    0.07	每秒写IO次数：   19.30	每秒读KB数：    3.29	每秒写KB数：  248.71
[2021-10-21 13:42]：
CPU使用率：    3.32
处理器名字：cpu	用户态的运行时间： 1681984	高优先级运行时间：    8794	内核态运行时间： 1428088	IO等待时间：244312081	除IO等待的空闲时间：  145153	硬中断时间：       0	软中断时间：   17773
总内存： 1833.00	空闲内存：  114.00	内存使用率：    0.94	交换内存：    0.00	交换空闲内存：    0.00	交换空闲内存使用率：    1.00	系统运行时间：41387
每秒读IO次数：    0.07	每秒写IO次数：   19.30	每秒读KB数：    3.29	每秒写KB数：  250.58
[2021-10-21 13:42]：
CPU使用率：    3.51
处理器名字：cpu	用户态的运行时间： 1681998	高优先级运行时间：    8794	内核态运行时间： 1428108	IO等待时间：244313042	除IO等待的空闲时间：  145154	硬中断时间：       0	软中断时间：   17773
总内存： 1833.00	空闲内存：  113.00	内存使用率：    0.94	交换内存：    0.00	交换空闲内存：    0.00	交换空闲内存使用率：    1.00	系统运行时间：41387
每秒读IO次数：    0.07	每秒写IO次数：   19.30	每秒读KB数：    3.29	每秒写KB数：  252.45
[2021-10-21 13:42]：
CPU使用率：    4.00
处理器名字：cpu	用户态的运行时间： 1682016	高优先级运行时间：    8794	内核态运行时间： 1428130	IO等待时间：244314001	除IO等待的空闲时间：  145154	硬中断时间：       0	软中断时间：   17773
总内存： 1833.00	空闲内存：  114.00	内存使用率：    0.94	交换内存：    0.00	交换空闲内存：    0.00	交换空闲内存使用率：    1.00	系统运行时间：41387
每秒读IO次数：    0.07	每秒写IO次数：   19.30	每秒读KB数：    3.29	每秒写KB数：  254.32
[2021-10-21 13:43]：
CPU使用率：    4.00
处理器名字：cpu	用户态的运行时间： 1682033	高优先级运行时间：    8794	内核态运行时间： 1428152	IO等待时间：244314960	除IO等待的空闲时间：  145154	硬中断时间：       0	软中断时间：   17774
总内存： 1833.00	空闲内存：  113.00	内存使用率：    0.94	交换内存：    0.00	交换空闲内存：    0.00	交换空闲内存使用率：    1.00	系统运行时间：41387
每秒读IO次数：    0.07	每秒写IO次数：   19.30	每秒读KB数：    3.29	每秒写KB数：  256.19
[2021-10-21 13:43]：
CPU使用率：    3.31
处理器名字：cpu	用户态的运行时间： 1682051	高优先级运行时间：    8794	内核态运行时间： 1428167	IO等待时间：244315925	除IO等待的空闲时间：  145154	硬中断时间：       0	软中断时间：   17774
总内存： 1833.00	空闲内存：  113.00	内存使用率：    0.94	交换内存：    0.00	交换空闲内存：    0.00	交换空闲内存使用率：    1.00	系统运行时间：41387
每秒读IO次数：    0.07	每秒写IO次数：   19.30	每秒读KB数：    3.29	每秒写KB数：  258.06
[2021-10-21 13:43]：
CPU使用率：    3.60
处理器名字：cpu	用户态的运行时间： 1682065	高优先级运行时间：    8794	内核态运行时间： 1428187	IO等待时间：244316889	除IO等待的空闲时间：  145156	硬中断时间：       0	软中断时间：   17774
总内存： 1833.00	空闲内存：  113.00	内存使用率：    0.94	交换内存：    0.00	交换空闲内存：    0.00	交换空闲内存使用率：    1.00	系统运行时间：41387
每秒读IO次数：    0.07	每秒写IO次数：   19.30	每秒读KB数：    3.29	每秒写KB数：  259.93
[2021-10-21 13:43]：
CPU使用率：    3.01
处理器名字：cpu	用户态的运行时间： 1682080	高优先级运行时间：    8794	内核态运行时间： 1428201	IO等待时间：244317855	除IO等待的空闲时间：  145157	硬中断时间：       0	软中断时间：   17774
总内存： 1833.00	空闲内存：  112.00	内存使用率：    0.94	交换内存：    0.00	交换空闲内存：    0.00	交换空闲内存使用率：    1.00	系统运行时间：41388
每秒读IO次数：    0.07	每秒写IO次数：   19.30	每秒读KB数：    3.29	每秒写KB数：  261.80
[2021-10-21 13:43]：
CPU使用率：    4.30
处理器名字：cpu	用户态的运行时间： 1682095	高优先级运行时间：    8794	内核态运行时间： 1428229	IO等待时间：244318812	除IO等待的空闲时间：  145157	硬中断时间：       0	软中断时间：   17774
总内存： 1833.00	空闲内存：  113.00	内存使用率：    0.94	交换内存：    0.00	交换空闲内存：    0.00	交换空闲内存使用率：    1.00	系统运行时间：41388
每秒读IO次数：    0.07	每秒写IO次数：   19.30	每秒读KB数：    3.29	每秒写KB数：  263.67
